<?xml version="1.0" encoding="UTF-8"?>
<!-- Generated by org.testng.reporters.JUnitReportReporter -->
<testsuite hostname="KH537" name="com.kony.appiumtests.tests.SampleTest" tests="1" failures="0" timestamp="22 Nov 2018 09:08:34 GMT" time="0.026" errors="0">
  <testcase name="test1" time="0.026" classname="com.kony.appiumtests.tests.SampleTest"/>
</testsuite> <!-- com.kony.appiumtests.tests.SampleTest -->
