<?xml version="1.0" encoding="UTF-8"?>
<!-- Generated by org.testng.reporters.JUnitReportReporter -->
<testsuite hostname="KH537" name="test.Events.tests.AllEvents" tests="1" failures="0" timestamp="22 Nov 2018 09:44:34 GMT" time="1.245" errors="0">
  <testcase name="validateLandingScreenTitle" time="1.245" classname="test.Events.tests.AllEvents"/>
</testsuite> <!-- test.Events.tests.AllEvents -->
