<?xml version="1.0" encoding="UTF-8"?>
<!-- Generated by org.testng.reporters.JUnitReportReporter -->
<testsuite hostname="KH537" name="com.kony.appiumtests.tests.AllEvents" tests="1" failures="0" timestamp="22 Nov 2018 09:33:03 GMT" time="1.457" errors="0">
  <testcase name="validateLandingScreenTitle" time="1.457" classname="com.kony.appiumtests.tests.AllEvents"/>
</testsuite> <!-- com.kony.appiumtests.tests.AllEvents -->
